  /data/VIDEO/TestForgrounds/man14/man14_1/png IOU: 0.9726582146722907
  /data/VIDEO/TestForgrounds/man14/man14_3/png IOU: 0.9557619234255617
  /data/VIDEO/TestForgrounds/man14/man14_2/png IOU: 0.9699351979723386
  /data/VIDEO/TestForgrounds/man14/man14_4/png IOU: 0.9745189585999149
  /data/VIDEO/TestForgrounds/man14/man14_5/png IOU: 0.9691648762278509
  /data/VIDEO/TestForgrounds/man14/man14_6/png IOU: 0.9598985651166775
  /data/VIDEO/TestForgrounds/man14/man14_7/png IOU: 0.9640962103394082
  /data/VIDEO/TestForgrounds/man14/man14_8/png IOU: 0.9632624190703779
  /data/VIDEO/TestForgrounds/man14/man_14_9/png IOU: 0.9695076254811587
  /data/VIDEO/TestForgrounds/man14/man14_10/png IOU: 0.9674126838285756
  /data/VIDEO/TestForgrounds/woman13/woman13_1/png IOU: 0.9573550606358712
  /data/VIDEO/TestForgrounds/woman13/woman13_2/png IOU: 0.9570486114969333
  /data/VIDEO/TestForgrounds/woman13/woman13_3/png IOU: 0.9617810703108579
  /data/VIDEO/TestForgrounds/woman13/woman13_4/png IOU: 0.9690517935869319
  /data/VIDEO/TestForgrounds/woman13/woman13_5/png IOU: 0.9726595851847336
  /data/VIDEO/TestForgrounds/woman13/woman13_6/png IOU: 0.9631451012533107
  /data/VIDEO/TestForgrounds/woman13/woman13_7/png IOU: 0.9679266528223456
  /data/VIDEO/TestForgrounds/woman13/woman13_8/png IOU: 0.9641006226747506
  /data/VIDEO/TestForgrounds/woman14/woman14_1/png IOU: 0.9622622819031313
  /data/VIDEO/TestForgrounds/woman14/woman14_2/png IOU: 0.9696370260833739
  /data/VIDEO/TestForgrounds/man15/man15_1/png IOU: 0.9796362885048742
  /data/VIDEO/TestForgrounds/man15/man15_2/png IOU: 0.9819448730826291
  /data/VIDEO/TestForgrounds/man15/man15_3/png IOU: 0.9810253029075799
  /data/VIDEO/TestForgrounds/man15/man15_4/png IOU: 0.9749643890721967
  /data/VIDEO/TestForgrounds/man15/man15_5/png IOU: 0.9794944856163328
  /data/VIDEO/TestForgrounds/man15/man15_7/png IOU: 0.9801981867876699
  /data/VIDEO/TestForgrounds/man15/man15_6/png IOU: 0.9792957914202735
  /data/VIDEO/TestForgrounds/woman23/woman23_1/png IOU: 0.9388112273854907
  /data/VIDEO/TestForgrounds/man17/man17_2/png IOU: 0.9486416867498555
  /data/VIDEO/TestForgrounds/man17/man17_3/png IOU: 0.9492958838346676
  /data/VIDEO/TestForgrounds/woman20/woman20_3/png IOU: 0.9780235333759638
  /data/VIDEO/TestForgrounds/woman20/woman20_1/png IOU: 0.9749491915182422
  /data/VIDEO/TestForgrounds/woman20/woman20_2/png IOU: 0.9743259198536268
  /data/VIDEO/TestForgrounds/M-15/1/png IOU: 0.9527299706201252
  /data/VIDEO/TestForgrounds/woman17/woman17_1/png IOU: 0.9651960869052268
  /data/VIDEO/TestForgrounds/woman17/woman17_2/png IOU: 0.9649345812426715
  /data/VIDEO/TestForgrounds/woman17/woman17_3/png IOU: 0.9649660218575993
  /data/VIDEO/TestForgrounds/woman17/woman17_4/png IOU: 0.9590940143664027
  /data/VIDEO/TestForgrounds/woman17/woman17_5/png IOU: 0.9627965056537378
  /data/VIDEO/TestForgrounds/woman17/woman17_6/png IOU: 0.9525652635466346
  /data/VIDEO/TestForgrounds/woman17/woman17_7/png IOU: 0.9480556719785888
  /data/VIDEO/TestForgrounds/woman17/woman17_8/png IOU: 0.9558556542253202
  /data/VIDEO/TestForgrounds/woman17/woman17_9/png IOU: 0.9678770579919554
  /data/VIDEO/TestForgrounds/woman17/woman17_10/png IOU: 0.9562638863721232
  /data/VIDEO/TestForgrounds/Anush/1/png IOU: 0.9538363935116054
  /data/VIDEO/TestForgrounds/M-16/1/png IOU: 0.9410136693032793
  /data/VIDEO/TestForgrounds/M-17/1/png IOU: 0.9125908944763337
  /data/VIDEO/TestForgrounds/M-19/1/png IOU: 0.9590328977612044
  /data/VIDEO/TestForgrounds/M-20/1/png IOU: 0.9314640301910628
  /data/VIDEO/TestForgrounds/M-24/1/png IOU: 0.9400035528467422
  /data/VIDEO/TestForgrounds/realTest_21/1/png IOU: 0.9338279608784813
  /data/VIDEO/TestForgrounds/realTest_24/1/png IOU: 0.9809438730356627
  /data/VIDEO/TestForgrounds/Sergey_Danielyan/1/png IOU: 0.9590873541610018
  /data/VIDEO/TestForgrounds/turning_woman/1/png IOU: 0.9271373907131942
  /data/VIDEO/TestForgrounds/YouTube_boy1/1/png IOU: 0.9223055569941753
  /data/VIDEO/TestForgrounds/YouTube_boy1/2/png IOU: 0.9260634464262311
  /data/VIDEO/TestForgrounds/YouTube_boy2/1/png IOU: 0.9263288034277406
  /data/VIDEO/TestForgrounds/woman18/woman18_1/png IOU: 0.9581466059097192
  /data/VIDEO/TestForgrounds/woman18/woman18_2/png IOU: 0.9628251447091517
  /data/VIDEO/TestForgrounds/woman18/woman18_3/png IOU: 0.9620516668804697
  /data/VIDEO/TestForgrounds/woman18/woman18_4/png IOU: 0.9520614297816506
  /data/VIDEO/TestForgrounds/man18/man18_3/png IOU: 0.9523541934456554
  /data/VIDEO/TestForgrounds/man18/man18_1/png IOU: 0.9578994919537243
  /data/VIDEO/TestForgrounds/man18/man18_2/png IOU: 0.9548160138601244
  /data/VIDEO/TestForgrounds/man18/man18_4/png IOU: 0.9658117059200073
  /data/VIDEO/TestForgrounds/man19/man19_1/png IOU: 0.9683355970033388
  /data/VIDEO/TestForgrounds/woman32/woman32_1/png IOU: 0.9834227342134434
  /data/VIDEO/TestForgrounds/woman21/woman21_1/png IOU: 0.8983057197401914
  /data/VIDEO/TestForgrounds/woman21/woman21_2/png IOU: 0.8768486808378084
  /data/VIDEO/TestForgrounds/woman33/woman33_1/png IOU: 0.9684683640912365
  /data/VIDEO/TestForgrounds/woman34/woman34_1/png IOU: 0.8608220846237672
  /data/VIDEO/TestForgrounds/woman35/woman35_1/png IOU: 0.9555683156322832
  /data/VIDEO/TestForgrounds/woman36/woman36_1/png IOU: 0.9063354688774499
  /data/VIDEO/TestForgrounds/woman37/woman37_1/png IOU: 0.9469276721282883
  /data/VIDEO/TestForgrounds/woman38/woman38_1/png IOU: 0.9096603263951202
  /data/VIDEO/TestForgrounds/woman39/woman39_1/png IOU: 0.9767168390176717
  /data/VIDEO/TestForgrounds/man12/man12_1/png IOU: 0.9709537154692586
  /data/VIDEO/TestForgrounds/woman40/woman40_1/png IOU: 0.9736300506931849
  /data/VIDEO/TestForgrounds/woman41/woman41_1/png IOU: 0.9746889590783935
  /data/VIDEO/TestForgrounds/woman42/woman42_2/png IOU: 0.9663428060874584
  /data/VIDEO/TestForgrounds/woman42/woman42_1/png IOU: 0.952127922996228
  /data/VIDEO/TestForgrounds/woman42/woman42_3/png IOU: 0.9469800318181432
  /data/VIDEO/TestForgrounds/woman42/woman42_4/png IOU: 0.945584961985293
  /data/VIDEO/TestForgrounds/woman42/woman42_5/png IOU: 0.9547906990704117
  /data/VIDEO/TestForgrounds/woman42/woman42_6/png IOU: 0.9539686387874113
  /data/VIDEO/TestForgrounds/woman42/woman42_7/png IOU: 0.9410857994644934
  /data/VIDEO/TestForgrounds/woman42/woman42_8/png IOU: 0.925557012970976
  /data/VIDEO/TestForgrounds/woman43/woman43_1/png IOU: 0.9295388792639824
  /data/VIDEO/TestForgrounds/woman43/woman43_2/png IOU: 0.9494319074737495
  /data/VIDEO/TestForgrounds/woman43/woman43_3/png IOU: 0.943736773801052
  /data/VIDEO/TestForgrounds/woman43/woman43_4/png IOU: 0.9465729309445812
  /data/VIDEO/TestForgrounds/woman44/woman44_1/png IOU: 0.9551905684106468
  /data/VIDEO/TestForgrounds/woman44/woman44_2/png IOU: 0.9777935280894264
  /data/VIDEO/TestForgrounds/man24/man24_1/png IOU: 0.9317721374953226
  /data/VIDEO/TestForgrounds/man24/man24_2/png IOU: 0.9727700548478364
  /data/VIDEO/TestForgrounds/woman45/woman45_1/png IOU: 0.9004403947558941
  /data/VIDEO/TestForgrounds/woman45/woman45_2/png IOU: 0.8662100396825809
  /data/VIDEO/TestForgrounds/woman46/woman46_1/png IOU: 0.9764992993221447
  /data/VIDEO/TestForgrounds/woman46/woman46_2/png IOU: 0.9755729614258398
  /data/VIDEO/TestForgrounds/man25/man25_1/png IOU: 0.9663368879011449
  /data/VIDEO/TestForgrounds/man25/man25_2/png IOU: 0.9743546000270081

Evaluation results: IoU: 0.953452
