  /data/VIDEO/TestForgrounds/man14/man14_1/png IOU: 0.9731966883561053
  /data/VIDEO/TestForgrounds/man14/man14_3/png IOU: 0.9763968079374632
  /data/VIDEO/TestForgrounds/man14/man14_2/png IOU: 0.973301141066906
  /data/VIDEO/TestForgrounds/man14/man14_4/png IOU: 0.9748706942990123
  /data/VIDEO/TestForgrounds/man14/man14_5/png IOU: 0.9748133604442903
  /data/VIDEO/TestForgrounds/man14/man14_6/png IOU: 0.9750760323907961
  /data/VIDEO/TestForgrounds/man14/man14_7/png IOU: 0.9668328151339153
  /data/VIDEO/TestForgrounds/man14/man14_8/png IOU: 0.9735741605536595
  /data/VIDEO/TestForgrounds/man14/man_14_9/png IOU: 0.97412022445609
  /data/VIDEO/TestForgrounds/man14/man14_10/png IOU: 0.9780989503923668
  /data/VIDEO/TestForgrounds/woman13/woman13_1/png IOU: 0.9576312073257606
  /data/VIDEO/TestForgrounds/woman13/woman13_2/png IOU: 0.9586150592119399
  /data/VIDEO/TestForgrounds/woman13/woman13_3/png IOU: 0.9618640976551557
  /data/VIDEO/TestForgrounds/woman13/woman13_4/png IOU: 0.9669333601195941
  /data/VIDEO/TestForgrounds/woman13/woman13_5/png IOU: 0.9696268761804449
  /data/VIDEO/TestForgrounds/woman13/woman13_6/png IOU: 0.9628180781371091
  /data/VIDEO/TestForgrounds/woman13/woman13_7/png IOU: 0.9636283394134793
  /data/VIDEO/TestForgrounds/woman13/woman13_8/png IOU: 0.9623567830310822
  /data/VIDEO/TestForgrounds/woman14/woman14_1/png IOU: 0.9677828552393755
  /data/VIDEO/TestForgrounds/woman14/woman14_2/png IOU: 0.970163988409746
  /data/VIDEO/TestForgrounds/man15/man15_1/png IOU: 0.9788655401685034
  /data/VIDEO/TestForgrounds/man15/man15_2/png IOU: 0.9819113072414254
  /data/VIDEO/TestForgrounds/man15/man15_3/png IOU: 0.9832042721387843
  /data/VIDEO/TestForgrounds/man15/man15_4/png IOU: 0.9769677404843119
  /data/VIDEO/TestForgrounds/man15/man15_5/png IOU: 0.9816861605696123
  /data/VIDEO/TestForgrounds/man15/man15_7/png IOU: 0.9813588498408758
  /data/VIDEO/TestForgrounds/man15/man15_6/png IOU: 0.9802208605098227
  /data/VIDEO/TestForgrounds/woman23/woman23_1/png IOU: 0.9377209255314963
  /data/VIDEO/TestForgrounds/man17/man17_2/png IOU: 0.9549307822994321
  /data/VIDEO/TestForgrounds/man17/man17_3/png IOU: 0.9525806044983455
  /data/VIDEO/TestForgrounds/woman20/woman20_3/png IOU: 0.9736006712280304
  /data/VIDEO/TestForgrounds/woman20/woman20_1/png IOU: 0.9710567585673311
  /data/VIDEO/TestForgrounds/woman20/woman20_2/png IOU: 0.9751106000059324
  /data/VIDEO/TestForgrounds/M-15/1/png IOU: 0.955954667597393
  /data/VIDEO/TestForgrounds/woman17/woman17_1/png IOU: 0.965277142176581
  /data/VIDEO/TestForgrounds/woman17/woman17_2/png IOU: 0.9650407067347052
  /data/VIDEO/TestForgrounds/woman17/woman17_3/png IOU: 0.9620298755774982
  /data/VIDEO/TestForgrounds/woman17/woman17_4/png IOU: 0.951301022997898
  /data/VIDEO/TestForgrounds/woman17/woman17_5/png IOU: 0.9562666047288644
  /data/VIDEO/TestForgrounds/woman17/woman17_6/png IOU: 0.9482284222846123
  /data/VIDEO/TestForgrounds/woman17/woman17_7/png IOU: 0.9470942273598285
  /data/VIDEO/TestForgrounds/woman17/woman17_8/png IOU: 0.9500215967108259
  /data/VIDEO/TestForgrounds/woman17/woman17_9/png IOU: 0.9680962350416775
  /data/VIDEO/TestForgrounds/woman17/woman17_10/png IOU: 0.9636029522384595
  /data/VIDEO/TestForgrounds/Anush/1/png IOU: 0.9608251559983473
  /data/VIDEO/TestForgrounds/M-16/1/png IOU: 0.942039614500803
  /data/VIDEO/TestForgrounds/M-17/1/png IOU: 0.9339731131984766
  /data/VIDEO/TestForgrounds/M-19/1/png IOU: 0.9606271447722986
  /data/VIDEO/TestForgrounds/M-20/1/png IOU: 0.9070115202041032
  /data/VIDEO/TestForgrounds/M-24/1/png IOU: 0.9465438460492841
  /data/VIDEO/TestForgrounds/realTest_21/1/png IOU: 0.9333680709467567
  /data/VIDEO/TestForgrounds/realTest_24/1/png IOU: 0.9786062020886485
  /data/VIDEO/TestForgrounds/Sergey_Danielyan/1/png IOU: 0.9541842793252419
  /data/VIDEO/TestForgrounds/turning_woman/1/png IOU: 0.9215774947749271
  /data/VIDEO/TestForgrounds/YouTube_boy1/1/png IOU: 0.9398157142687209
  /data/VIDEO/TestForgrounds/YouTube_boy1/2/png IOU: 0.9449741794349588
  /data/VIDEO/TestForgrounds/YouTube_boy2/1/png IOU: 0.9344481688097805
  /data/VIDEO/TestForgrounds/woman18/woman18_1/png IOU: 0.9557691840057442
  /data/VIDEO/TestForgrounds/woman18/woman18_2/png IOU: 0.9600252605938001
  /data/VIDEO/TestForgrounds/woman18/woman18_3/png IOU: 0.9574203192600436
  /data/VIDEO/TestForgrounds/woman18/woman18_4/png IOU: 0.9504183966990457
  /data/VIDEO/TestForgrounds/man18/man18_3/png IOU: 0.9500258013273548
  /data/VIDEO/TestForgrounds/man18/man18_1/png IOU: 0.9523458865474782
  /data/VIDEO/TestForgrounds/man18/man18_2/png IOU: 0.9468685895706541
  /data/VIDEO/TestForgrounds/man18/man18_4/png IOU: 0.9643254925239292
  /data/VIDEO/TestForgrounds/man19/man19_1/png IOU: 0.9669656480798678
  /data/VIDEO/TestForgrounds/woman32/woman32_1/png IOU: 0.9837439569496172
  /data/VIDEO/TestForgrounds/woman21/woman21_1/png IOU: 0.8831171324330094
  /data/VIDEO/TestForgrounds/woman21/woman21_2/png IOU: 0.8662248172057473
  /data/VIDEO/TestForgrounds/woman33/woman33_1/png IOU: 0.9564019386831738
  /data/VIDEO/TestForgrounds/woman34/woman34_1/png IOU: 0.9087084590181147
  /data/VIDEO/TestForgrounds/woman35/woman35_1/png IOU: 0.9601877234929915
  /data/VIDEO/TestForgrounds/woman36/woman36_1/png IOU: 0.9497548992428978
  /data/VIDEO/TestForgrounds/woman37/woman37_1/png IOU: 0.9589389473536154
  /data/VIDEO/TestForgrounds/woman38/woman38_1/png IOU: 0.8790719988522617
  /data/VIDEO/TestForgrounds/woman39/woman39_1/png IOU: 0.9825218149123834
  /data/VIDEO/TestForgrounds/man12/man12_1/png IOU: 0.9663802030270277
  /data/VIDEO/TestForgrounds/woman40/woman40_1/png IOU: 0.9666529068356289
  /data/VIDEO/TestForgrounds/woman41/woman41_1/png IOU: 0.9743601775411483
  /data/VIDEO/TestForgrounds/woman42/woman42_2/png IOU: 0.9244508964206545
  /data/VIDEO/TestForgrounds/woman42/woman42_1/png IOU: 0.9276446956031953
  /data/VIDEO/TestForgrounds/woman42/woman42_3/png IOU: 0.8359392703697824
  /data/VIDEO/TestForgrounds/woman42/woman42_4/png IOU: 0.954192640193415
  /data/VIDEO/TestForgrounds/woman42/woman42_5/png IOU: 0.9588383899809291
  /data/VIDEO/TestForgrounds/woman42/woman42_6/png IOU: 0.9574881576191371
  /data/VIDEO/TestForgrounds/woman42/woman42_7/png IOU: 0.9290172295163917
  /data/VIDEO/TestForgrounds/woman42/woman42_8/png IOU: 0.9269701053578124
  /data/VIDEO/TestForgrounds/woman43/woman43_1/png IOU: 0.9012194569372304
  /data/VIDEO/TestForgrounds/woman43/woman43_2/png IOU: 0.9510365675884197
  /data/VIDEO/TestForgrounds/woman43/woman43_3/png IOU: 0.9386047292101346
  /data/VIDEO/TestForgrounds/woman43/woman43_4/png IOU: 0.9429060923695028
  /data/VIDEO/TestForgrounds/woman44/woman44_1/png IOU: 0.9221163119029286
  /data/VIDEO/TestForgrounds/woman44/woman44_2/png IOU: 0.97098143640401
  /data/VIDEO/TestForgrounds/man24/man24_1/png IOU: 0.8771156102013657
  /data/VIDEO/TestForgrounds/man24/man24_2/png IOU: 0.9008550480914763
  /data/VIDEO/TestForgrounds/woman45/woman45_1/png IOU: 0.9130256482347143
  /data/VIDEO/TestForgrounds/woman45/woman45_2/png IOU: 0.8957895971292051
  /data/VIDEO/TestForgrounds/woman46/woman46_1/png IOU: 0.9813148092886805
  /data/VIDEO/TestForgrounds/woman46/woman46_2/png IOU: 0.9771886508788296
  /data/VIDEO/TestForgrounds/man25/man25_1/png IOU: 0.9721893464341065
  /data/VIDEO/TestForgrounds/man25/man25_2/png IOU: 0.969703583119444

Evaluation results: IoU: 0.952308
