  /data/VIDEO/TestForgrounds/man14/man14_1/png IOU: 0.9717081943241954
  /data/VIDEO/TestForgrounds/man14/man14_3/png IOU: 0.9761409605929808
  /data/VIDEO/TestForgrounds/man14/man14_2/png IOU: 0.972268965182653
  /data/VIDEO/TestForgrounds/man14/man14_4/png IOU: 0.9763251717136002
  /data/VIDEO/TestForgrounds/man14/man14_5/png IOU: 0.9725291330058244
  /data/VIDEO/TestForgrounds/man14/man14_6/png IOU: 0.9697879859269625
  /data/VIDEO/TestForgrounds/man14/man14_7/png IOU: 0.9623000157496667
  /data/VIDEO/TestForgrounds/man14/man14_8/png IOU: 0.9715997936931526
  /data/VIDEO/TestForgrounds/man14/man_14_9/png IOU: 0.9758676077207038
  /data/VIDEO/TestForgrounds/man14/man14_10/png IOU: 0.9739972632512566
  /data/VIDEO/TestForgrounds/woman13/woman13_1/png IOU: 0.958098267778791
  /data/VIDEO/TestForgrounds/woman13/woman13_2/png IOU: 0.9609499717798281
  /data/VIDEO/TestForgrounds/woman13/woman13_3/png IOU: 0.9634254837245867
  /data/VIDEO/TestForgrounds/woman13/woman13_4/png IOU: 0.9684894893102511
  /data/VIDEO/TestForgrounds/woman13/woman13_5/png IOU: 0.9704410906223367
  /data/VIDEO/TestForgrounds/woman13/woman13_6/png IOU: 0.963436140629196
  /data/VIDEO/TestForgrounds/woman13/woman13_7/png IOU: 0.9653140708393142
  /data/VIDEO/TestForgrounds/woman13/woman13_8/png IOU: 0.9640016894520472
  /data/VIDEO/TestForgrounds/woman14/woman14_1/png IOU: 0.969507720511816
  /data/VIDEO/TestForgrounds/woman14/woman14_2/png IOU: 0.9735375266086125
  /data/VIDEO/TestForgrounds/man15/man15_1/png IOU: 0.9766780054375395
  /data/VIDEO/TestForgrounds/man15/man15_2/png IOU: 0.9797311585077765
  /data/VIDEO/TestForgrounds/man15/man15_3/png IOU: 0.980830999876972
  /data/VIDEO/TestForgrounds/man15/man15_4/png IOU: 0.9756239096786132
  /data/VIDEO/TestForgrounds/man15/man15_5/png IOU: 0.9809725931490948
  /data/VIDEO/TestForgrounds/man15/man15_7/png IOU: 0.98028593358851
  /data/VIDEO/TestForgrounds/man15/man15_6/png IOU: 0.9789903737568185
  /data/VIDEO/TestForgrounds/woman23/woman23_1/png IOU: 0.9406155862600165
  /data/VIDEO/TestForgrounds/man17/man17_2/png IOU: 0.9555669447512908
  /data/VIDEO/TestForgrounds/man17/man17_3/png IOU: 0.9491905165181974
  /data/VIDEO/TestForgrounds/woman20/woman20_3/png IOU: 0.970837868305017
  /data/VIDEO/TestForgrounds/woman20/woman20_1/png IOU: 0.9670974920675927
  /data/VIDEO/TestForgrounds/woman20/woman20_2/png IOU: 0.9740326197672535
  /data/VIDEO/TestForgrounds/M-15/1/png IOU: 0.9560073575413051
  /data/VIDEO/TestForgrounds/woman17/woman17_1/png IOU: 0.9668716160486168
  /data/VIDEO/TestForgrounds/woman17/woman17_2/png IOU: 0.9653191252417624
  /data/VIDEO/TestForgrounds/woman17/woman17_3/png IOU: 0.965191283554885
  /data/VIDEO/TestForgrounds/woman17/woman17_4/png IOU: 0.9551066807658651
  /data/VIDEO/TestForgrounds/woman17/woman17_5/png IOU: 0.9633589332569352
  /data/VIDEO/TestForgrounds/woman17/woman17_6/png IOU: 0.9504099088394112
  /data/VIDEO/TestForgrounds/woman17/woman17_7/png IOU: 0.9375130486574164
  /data/VIDEO/TestForgrounds/woman17/woman17_8/png IOU: 0.9541143638460681
  /data/VIDEO/TestForgrounds/woman17/woman17_9/png IOU: 0.9687528131585749
  /data/VIDEO/TestForgrounds/woman17/woman17_10/png IOU: 0.9656575920244629
  /data/VIDEO/TestForgrounds/Anush/1/png IOU: 0.9563840857860716
  /data/VIDEO/TestForgrounds/M-16/1/png IOU: 0.9422128745126122
  /data/VIDEO/TestForgrounds/M-17/1/png IOU: 0.935920928188813
  /data/VIDEO/TestForgrounds/M-19/1/png IOU: 0.9597612960201132
  /data/VIDEO/TestForgrounds/M-20/1/png IOU: 0.91685902101086
  /data/VIDEO/TestForgrounds/M-24/1/png IOU: 0.9471861667869914
  /data/VIDEO/TestForgrounds/realTest_21/1/png IOU: 0.9343232141152459
  /data/VIDEO/TestForgrounds/realTest_24/1/png IOU: 0.9802806386062943
  /data/VIDEO/TestForgrounds/Sergey_Danielyan/1/png IOU: 0.956815588840647
  /data/VIDEO/TestForgrounds/turning_woman/1/png IOU: 0.928617310498606
  /data/VIDEO/TestForgrounds/YouTube_boy1/1/png IOU: 0.9394391404298993
  /data/VIDEO/TestForgrounds/YouTube_boy1/2/png IOU: 0.9441226045720884
  /data/VIDEO/TestForgrounds/YouTube_boy2/1/png IOU: 0.9288784316165742
  /data/VIDEO/TestForgrounds/woman18/woman18_1/png IOU: 0.9537018987748384
  /data/VIDEO/TestForgrounds/woman18/woman18_2/png IOU: 0.9591126845199023
  /data/VIDEO/TestForgrounds/woman18/woman18_3/png IOU: 0.957628524819509
  /data/VIDEO/TestForgrounds/woman18/woman18_4/png IOU: 0.950234104348823
  /data/VIDEO/TestForgrounds/man18/man18_3/png IOU: 0.9500235511889554
  /data/VIDEO/TestForgrounds/man18/man18_1/png IOU: 0.9515391075504921
  /data/VIDEO/TestForgrounds/man18/man18_2/png IOU: 0.9464721837747886
  /data/VIDEO/TestForgrounds/man18/man18_4/png IOU: 0.9637697230493566
  /data/VIDEO/TestForgrounds/man19/man19_1/png IOU: 0.9667184720276073
  /data/VIDEO/TestForgrounds/woman32/woman32_1/png IOU: 0.9821613293731098
  /data/VIDEO/TestForgrounds/woman21/woman21_1/png IOU: 0.8817246822180549
  /data/VIDEO/TestForgrounds/woman21/woman21_2/png IOU: 0.8672484879901576
  /data/VIDEO/TestForgrounds/woman33/woman33_1/png IOU: 0.9685556882280046
  /data/VIDEO/TestForgrounds/woman34/woman34_1/png IOU: 0.8881553914578615
  /data/VIDEO/TestForgrounds/woman35/woman35_1/png IOU: 0.9580294731272508
  /data/VIDEO/TestForgrounds/woman36/woman36_1/png IOU: 0.9515439431917676
  /data/VIDEO/TestForgrounds/woman37/woman37_1/png IOU: 0.9578146324077444
  /data/VIDEO/TestForgrounds/woman38/woman38_1/png IOU: 0.8971303556123083
  /data/VIDEO/TestForgrounds/woman39/woman39_1/png IOU: 0.9821376509952381
  /data/VIDEO/TestForgrounds/man12/man12_1/png IOU: 0.9659851222087643
  /data/VIDEO/TestForgrounds/woman40/woman40_1/png IOU: 0.9653672724797908
  /data/VIDEO/TestForgrounds/woman41/woman41_1/png IOU: 0.9744188651087085
  /data/VIDEO/TestForgrounds/woman42/woman42_2/png IOU: 0.9378071143782514
  /data/VIDEO/TestForgrounds/woman42/woman42_1/png IOU: 0.9090337763389306
  /data/VIDEO/TestForgrounds/woman42/woman42_3/png IOU: 0.8444959719709987
  /data/VIDEO/TestForgrounds/woman42/woman42_4/png IOU: 0.9530753308833839
  /data/VIDEO/TestForgrounds/woman42/woman42_5/png IOU: 0.9585054453878535
  /data/VIDEO/TestForgrounds/woman42/woman42_6/png IOU: 0.9556448558840104
  /data/VIDEO/TestForgrounds/woman42/woman42_7/png IOU: 0.9320541550902518
  /data/VIDEO/TestForgrounds/woman42/woman42_8/png IOU: 0.9327748602024648
  /data/VIDEO/TestForgrounds/woman43/woman43_1/png IOU: 0.9127072362422954
  /data/VIDEO/TestForgrounds/woman43/woman43_2/png IOU: 0.9513059971402712
  /data/VIDEO/TestForgrounds/woman43/woman43_3/png IOU: 0.9418754976981473
  /data/VIDEO/TestForgrounds/woman43/woman43_4/png IOU: 0.9466306405143177
  /data/VIDEO/TestForgrounds/woman44/woman44_1/png IOU: 0.9428303327590815
  /data/VIDEO/TestForgrounds/woman44/woman44_2/png IOU: 0.9769667000192984
  /data/VIDEO/TestForgrounds/man24/man24_1/png IOU: 0.9173088422474066
  /data/VIDEO/TestForgrounds/man24/man24_2/png IOU: 0.9202754535394733
  /data/VIDEO/TestForgrounds/woman45/woman45_1/png IOU: 0.9152835003255609
  /data/VIDEO/TestForgrounds/woman45/woman45_2/png IOU: 0.9091096275195765
  /data/VIDEO/TestForgrounds/woman46/woman46_1/png IOU: 0.9804316746886722
  /data/VIDEO/TestForgrounds/woman46/woman46_2/png IOU: 0.9794549827117524
  /data/VIDEO/TestForgrounds/man25/man25_1/png IOU: 0.9733232626083194
  /data/VIDEO/TestForgrounds/man25/man25_2/png IOU: 0.9710803515619405


Evaluation results: IoU: 0.953133
