  /data/VIDEO/TestForgrounds/man14/man14_1/png IOU: 0.9790968923038722
  /data/VIDEO/TestForgrounds/man14/man14_3/png IOU: 0.9816738221661137
  /data/VIDEO/TestForgrounds/man14/man14_2/png IOU: 0.9788475955418697
  /data/VIDEO/TestForgrounds/man14/man14_4/png IOU: 0.9804262643419402
  /data/VIDEO/TestForgrounds/man14/man14_5/png IOU: 0.9800222732355653
  /data/VIDEO/TestForgrounds/man14/man14_6/png IOU: 0.9761446327963603
  /data/VIDEO/TestForgrounds/man14/man14_7/png IOU: 0.9745652970091655
  /data/VIDEO/TestForgrounds/man14/man14_8/png IOU: 0.9765666325906107
  /data/VIDEO/TestForgrounds/man14/man_14_9/png IOU: 0.9797209648106898
  /data/VIDEO/TestForgrounds/man14/man14_10/png IOU: 0.9800570431238119
  /data/VIDEO/TestForgrounds/woman13/woman13_1/png IOU: 0.9548386382081149
  /data/VIDEO/TestForgrounds/woman13/woman13_2/png IOU: 0.9604672623865954
  /data/VIDEO/TestForgrounds/woman13/woman13_3/png IOU: 0.9641402516614972
  /data/VIDEO/TestForgrounds/woman13/woman13_4/png IOU: 0.9706944656514517
  /data/VIDEO/TestForgrounds/woman13/woman13_5/png IOU: 0.9724727445778403
  /data/VIDEO/TestForgrounds/woman13/woman13_6/png IOU: 0.9636075043166917
  /data/VIDEO/TestForgrounds/woman13/woman13_7/png IOU: 0.9650061568206217
  /data/VIDEO/TestForgrounds/woman13/woman13_8/png IOU: 0.9678644862239613
  /data/VIDEO/TestForgrounds/woman14/woman14_1/png IOU: 0.9735817917459086
  /data/VIDEO/TestForgrounds/woman14/woman14_2/png IOU: 0.9763201432433588
  /data/VIDEO/TestForgrounds/man15/man15_1/png IOU: 0.9794252476165349
  /data/VIDEO/TestForgrounds/man15/man15_2/png IOU: 0.971608523217412
  /data/VIDEO/TestForgrounds/man15/man15_3/png IOU: 0.9828372564922869
  /data/VIDEO/TestForgrounds/man15/man15_4/png IOU: 0.9758386005447944
  /data/VIDEO/TestForgrounds/man15/man15_5/png IOU: 0.9807891030092046
  /data/VIDEO/TestForgrounds/man15/man15_7/png IOU: 0.9815590245385071
  /data/VIDEO/TestForgrounds/man15/man15_6/png IOU: 0.9801567235037307
  /data/VIDEO/TestForgrounds/woman23/woman23_1/png IOU: 0.9457223921656425
  /data/VIDEO/TestForgrounds/man17/man17_2/png IOU: 0.9546621785107406
  /data/VIDEO/TestForgrounds/man17/man17_3/png IOU: 0.9617668156782111
  /data/VIDEO/TestForgrounds/woman20/woman20_3/png IOU: 0.9786262920853839
  /data/VIDEO/TestForgrounds/woman20/woman20_1/png IOU: 0.963664871715129
  /data/VIDEO/TestForgrounds/woman20/woman20_2/png IOU: 0.9742684004433587
  /data/VIDEO/TestForgrounds/M-15/1/png IOU: 0.9666427545535665
  /data/VIDEO/TestForgrounds/woman17/woman17_1/png IOU: 0.9694033025789662
  /data/VIDEO/TestForgrounds/woman17/woman17_2/png IOU: 0.9689190295187217
  /data/VIDEO/TestForgrounds/woman17/woman17_3/png IOU: 0.9737744152247446
  /data/VIDEO/TestForgrounds/woman17/woman17_4/png IOU: 0.9647577981442754
  /data/VIDEO/TestForgrounds/woman17/woman17_5/png IOU: 0.9728284495081748
  /data/VIDEO/TestForgrounds/woman17/woman17_6/png IOU: 0.9665930844851628
  /data/VIDEO/TestForgrounds/woman17/woman17_7/png IOU: 0.9603733080068797
  /data/VIDEO/TestForgrounds/woman17/woman17_8/png IOU: 0.9623253302540723
  /data/VIDEO/TestForgrounds/woman17/woman17_9/png IOU: 0.9751146601631316
  /data/VIDEO/TestForgrounds/woman17/woman17_10/png IOU: 0.9706822563509608
  /data/VIDEO/TestForgrounds/Anush/1/png IOU: 0.9619791551966658
  /data/VIDEO/TestForgrounds/M-16/1/png IOU: 0.9473943186064717
  /data/VIDEO/TestForgrounds/M-17/1/png IOU: 0.9377438153378699
  /data/VIDEO/TestForgrounds/M-19/1/png IOU: 0.9711162716369708
  /data/VIDEO/TestForgrounds/M-20/1/png IOU: 0.9378815256726359
  /data/VIDEO/TestForgrounds/M-24/1/png IOU: 0.9475614437108317
  /data/VIDEO/TestForgrounds/realTest_21/1/png IOU: 0.9455520958347059
  /data/VIDEO/TestForgrounds/realTest_24/1/png IOU: 0.9786348790825243
  /data/VIDEO/TestForgrounds/Sergey_Danielyan/1/png IOU: 0.9609527730261291
  /data/VIDEO/TestForgrounds/turning_woman/1/png IOU: 0.9434112738013731
  /data/VIDEO/TestForgrounds/YouTube_boy1/1/png IOU: 0.938217152283034
  /data/VIDEO/TestForgrounds/YouTube_boy1/2/png IOU: 0.9475576009423835
  /data/VIDEO/TestForgrounds/YouTube_boy2/1/png IOU: 0.9263894207400349
  /data/VIDEO/TestForgrounds/woman18/woman18_1/png IOU: 0.9601550048635542
  /data/VIDEO/TestForgrounds/woman18/woman18_2/png IOU: 0.9650655045481051
  /data/VIDEO/TestForgrounds/woman18/woman18_3/png IOU: 0.9641363152284944
  /data/VIDEO/TestForgrounds/woman18/woman18_4/png IOU: 0.9559794111477102
  /data/VIDEO/TestForgrounds/man18/man18_3/png IOU: 0.9575716843715029
  /data/VIDEO/TestForgrounds/man18/man18_1/png IOU: 0.9601596582698448
  /data/VIDEO/TestForgrounds/man18/man18_2/png IOU: 0.9557537018588246
  /data/VIDEO/TestForgrounds/man18/man18_4/png IOU: 0.969941389798755
  /data/VIDEO/TestForgrounds/man19/man19_1/png IOU: 0.9686763825043825
  /data/VIDEO/TestForgrounds/woman32/woman32_1/png IOU: 0.9620386205683206
  /data/VIDEO/TestForgrounds/woman21/woman21_1/png IOU: 0.8716473929381904
  /data/VIDEO/TestForgrounds/woman21/woman21_2/png IOU: 0.8562325279285271
  /data/VIDEO/TestForgrounds/woman33/woman33_1/png IOU: 0.9633170795551493
  /data/VIDEO/TestForgrounds/woman34/woman34_1/png IOU: 0.8674959177280577
  /data/VIDEO/TestForgrounds/woman35/woman35_1/png IOU: 0.9697819590072021
  /data/VIDEO/TestForgrounds/woman36/woman36_1/png IOU: 0.9698537855819194
  /data/VIDEO/TestForgrounds/woman37/woman37_1/png IOU: 0.9587492009555334
  /data/VIDEO/TestForgrounds/woman38/woman38_1/png IOU: 0.8731891321525159
  /data/VIDEO/TestForgrounds/woman39/woman39_1/png IOU: 0.9836672059407119
  /data/VIDEO/TestForgrounds/man12/man12_1/png IOU: 0.9780006352418027
  /data/VIDEO/TestForgrounds/woman40/woman40_1/png IOU: 0.9693723735042956
  /data/VIDEO/TestForgrounds/woman41/woman41_1/png IOU: 0.9739177465907628
  /data/VIDEO/TestForgrounds/woman42/woman42_2/png IOU: 0.9352146626058245
  /data/VIDEO/TestForgrounds/woman42/woman42_1/png IOU: 0.9583477353230189
  /data/VIDEO/TestForgrounds/woman42/woman42_3/png IOU: 0.9437939834566464
  /data/VIDEO/TestForgrounds/woman42/woman42_4/png IOU: 0.8587173634362738
  /data/VIDEO/TestForgrounds/woman42/woman42_5/png IOU: 0.9293828476531887
  /data/VIDEO/TestForgrounds/woman42/woman42_6/png IOU: 0.9681719002814202
  /data/VIDEO/TestForgrounds/woman42/woman42_7/png IOU: 0.9505164799272094
  /data/VIDEO/TestForgrounds/woman42/woman42_8/png IOU: 0.9539877947676628
  /data/VIDEO/TestForgrounds/woman43/woman43_1/png IOU: 0.9549531497096512
  /data/VIDEO/TestForgrounds/woman43/woman43_2/png IOU: 0.9538405418510684
  /data/VIDEO/TestForgrounds/woman43/woman43_3/png IOU: 0.947162312592444
  /data/VIDEO/TestForgrounds/woman43/woman43_4/png IOU: 0.9580989467256541
  /data/VIDEO/TestForgrounds/woman44/woman44_1/png IOU: 0.9630718251618201
  /data/VIDEO/TestForgrounds/woman44/woman44_2/png IOU: 0.9830744068174169
  /data/VIDEO/TestForgrounds/man24/man24_1/png IOU: 0.8717532882170522
  /data/VIDEO/TestForgrounds/man24/man24_2/png IOU: 0.8670663574675516
  /data/VIDEO/TestForgrounds/woman45/woman45_1/png IOU: 0.9576700294227937
  /data/VIDEO/TestForgrounds/woman45/woman45_2/png IOU: 0.9391034336006
  /data/VIDEO/TestForgrounds/woman46/woman46_1/png IOU: 0.9764867783575567
  /data/VIDEO/TestForgrounds/woman46/woman46_2/png IOU: 0.9830494644038119
  /data/VIDEO/TestForgrounds/man25/man25_1/png IOU: 0.9776769688256836
  /data/VIDEO/TestForgrounds/man25/man25_2/png IOU: 0.9776827923924464
